{
  error: Error: yayy
      at Object.<anonymous> (C:\Users\saile\MySpace\Node-Articles\Art1\src\app.ts:19:7)
      at Module._compile (internal/modules/cjs/loader.js:1158:30)
      at Module.m._compile (C:\Users\saile\MySpace\Node-Articles\Art1\node_modules\ts-node\src\index.ts:858:23)
      at Module._extensions..js (internal/modules/cjs/loader.js:1178:10)
      at Object.require.extensions.<computed> [as .ts] (C:\Users\saile\MySpace\Node-Articles\Art1\node_modules\ts-node\src\index.ts:861:12)
      at Module.load (internal/modules/cjs/loader.js:1002:32)
      at Function.Module._load (internal/modules/cjs/loader.js:901:14)
      at Module.require (internal/modules/cjs/loader.js:1044:19)
      at require (internal/modules/cjs/helpers.js:77:18)
      at Object.<anonymous> (C:\Users\saile\MySpace\Node-Articles\Art1\src\main.ts:1:1),
  level: 'error',
  message: 'uncaughtException: yayy\n' +
    'Error: yayy\n' +
    '    at Object.<anonymous> (C:\\Users\\saile\\MySpace\\Node-Articles\\Art1\\src\\app.ts:19:7)\n' +
    '    at Module._compile (internal/modules/cjs/loader.js:1158:30)\n' +
    '    at Module.m._compile (C:\\Users\\saile\\MySpace\\Node-Articles\\Art1\\node_modules\\ts-node\\src\\index.ts:858:23)\n' +
    '    at Module._extensions..js (internal/modules/cjs/loader.js:1178:10)\n' +
    '    at Object.require.extensions.<computed> [as .ts] (C:\\Users\\saile\\MySpace\\Node-Articles\\Art1\\node_modules\\ts-node\\src\\index.ts:861:12)\n' +
    '    at Module.load (internal/modules/cjs/loader.js:1002:32)\n' +
    '    at Function.Module._load (internal/modules/cjs/loader.js:901:14)\n' +
    '    at Module.require (internal/modules/cjs/loader.js:1044:19)\n' +
    '    at require (internal/modules/cjs/helpers.js:77:18)\n' +
    '    at Object.<anonymous> (C:\\Users\\saile\\MySpace\\Node-Articles\\Art1\\src\\main.ts:1:1)',
  stack: 'Error: yayy\n' +
    '    at Object.<anonymous> (C:\\Users\\saile\\MySpace\\Node-Articles\\Art1\\src\\app.ts:19:7)\n' +
    '    at Module._compile (internal/modules/cjs/loader.js:1158:30)\n' +
    '    at Module.m._compile (C:\\Users\\saile\\MySpace\\Node-Articles\\Art1\\node_modules\\ts-node\\src\\index.ts:858:23)\n' +
    '    at Module._extensions..js (internal/modules/cjs/loader.js:1178:10)\n' +
    '    at Object.require.extensions.<computed> [as .ts] (C:\\Users\\saile\\MySpace\\Node-Articles\\Art1\\node_modules\\ts-node\\src\\index.ts:861:12)\n' +
    '    at Module.load (internal/modules/cjs/loader.js:1002:32)\n' +
    '    at Function.Module._load (internal/modules/cjs/loader.js:901:14)\n' +
    '    at Module.require (internal/modules/cjs/loader.js:1044:19)\n' +
    '    at require (internal/modules/cjs/helpers.js:77:18)\n' +
    '    at Object.<anonymous> (C:\\Users\\saile\\MySpace\\Node-Articles\\Art1\\src\\main.ts:1:1)',
  exception: true,
  date: 'Sun Aug 02 2020 15:45:13 GMT+0530 (India Standard Time)',
  process: {
    pid: 8988,
    uid: null,
    gid: null,
    cwd: 'C:\\Users\\saile\\MySpace\\Node-Articles\\Art1',
    execPath: 'C:\\Program Files\\nodejs\\node.exe',
    version: 'v12.16.1',
    argv: [
      'C:\\Users\\saile\\MySpace\\Node-Articles\\Art1\\node_modules\\ts-node\\dist\\bin.js',
      'C:\\Users\\saile\\MySpace\\Node-Articles\\Art1\\src\\main.ts'
    ],
    memoryUsage: {
      rss: 142635008,
      heapTotal: 118767616,
      heapUsed: 99468680,
      external: 2164107
    }
  },
  os: { loadavg: [ 0, 0, 0 ], uptime: 96996 },
  trace: [
    {
      column: 7,
      file: 'C:\\Users\\saile\\MySpace\\Node-Articles\\Art1\\src\\app.ts',
      function: null,
      line: 19,
      method: null,
      native: false
    },
    {
      column: 30,
      file: 'internal/modules/cjs/loader.js',
      function: 'Module._compile',
      line: 1158,
      method: '_compile',
      native: false
    },
    {
      column: 23,
      file: 'C:\\Users\\saile\\MySpace\\Node-Articles\\Art1\\node_modules\\ts-node\\src\\index.ts',
      function: 'Module.m._compile',
      line: 858,
      method: '_compile',
      native: false
    },
    {
      column: 10,
      file: 'internal/modules/cjs/loader.js',
      function: 'Module._extensions..js',
      line: 1178,
      method: '.js',
      native: false
    },
    {
      column: 12,
      file: 'C:\\Users\\saile\\MySpace\\Node-Articles\\Art1\\node_modules\\ts-node\\src\\index.ts',
      function: 'Object.require.extensions.<computed> [as .ts]',
      line: 861,
      method: 'ts]',
      native: false
    },
    {
      column: 32,
      file: 'internal/modules/cjs/loader.js',
      function: 'Module.load',
      line: 1002,
      method: 'load',
      native: false
    },
    {
      column: 14,
      file: 'internal/modules/cjs/loader.js',
      function: 'Module._load',
      line: 901,
      method: '_load',
      native: false
    },
    {
      column: 19,
      file: 'internal/modules/cjs/loader.js',
      function: 'Module.require',
      line: 1044,
      method: 'require',
      native: false
    },
    {
      column: 18,
      file: 'internal/modules/cjs/helpers.js',
      function: 'require',
      line: 77,
      method: null,
      native: false
    },
    {
      column: 1,
      file: 'C:\\Users\\saile\\MySpace\\Node-Articles\\Art1\\src\\main.ts',
      function: null,
      line: 1,
      method: null,
      native: false
    }
  ],
  timestamp: '2020-08-02T10:15:14.063Z'
}
